<?xml version="1.0" encoding="UTF-8"?>
<testng-results ignored="0" total="1" passed="1" failed="0" skipped="0">
  <reporter-output>
    <line>
      <![CDATA[Launching the browser using the URL:=https://www.demoblaze.com/index.html]]>
    </line>
    <line>
      <![CDATA[Setting the text of the element:=By.id: loginusername with data:=bharathedu1]]>
    </line>
    <line>
      <![CDATA[Setting the text of the element:=By.id: loginpassword with data:=123456]]>
    </line>
    <line>
      <![CDATA[Clicking on the element with locator:=By.xpath: //button[text()='Log in']]]>
    </line>
  </reporter-output>
  <suite started-at="2024-08-02T11:17:50 EDT" name="Default suite" finished-at="2024-08-02T11:18:00 EDT" duration-ms="10561">
    <groups>
      <group name="cucumber">
        <method signature="AbstractTestNGCucumberTests.runScenario(io.cucumber.testng.PickleWrapper,io.cucumber.testng.FeatureWrapper)[pri:0, instance:runner.LoginTestRunner@43f02ef2]" name="runScenario" class="io.cucumber.testng.AbstractTestNGCucumberTests"/>
      </group> <!-- cucumber -->
    </groups>
    <test started-at="2024-08-02T11:17:50 EDT" name="Default test" finished-at="2024-08-02T11:18:00 EDT" duration-ms="10561">
      <class name="runner.LoginTestRunner">
        <test-method is-config="true" signature="setUpClass(org.testng.ITestContext)[pri:0, instance:runner.LoginTestRunner@43f02ef2]" started-at="2024-08-02T11:17:50 EDT" name="setUpClass" finished-at="2024-08-02T11:17:50 EDT" duration-ms="623" status="PASS">
          <params>
            <param index="0">
              <value>
                <![CDATA[org.testng.TestRunner@3e33d73e]]>
              </value>
            </param>
          </params>
          <reporter-output>
          </reporter-output>
        </test-method> <!-- setUpClass -->
        <test-method signature="runScenario(io.cucumber.testng.PickleWrapper,io.cucumber.testng.FeatureWrapper)[pri:0, instance:runner.LoginTestRunner@43f02ef2]" started-at="2024-08-02T11:17:50 EDT" name="runScenario" description="Runs Cucumber Scenarios" data-provider="scenarios" finished-at="2024-08-02T11:18:00 EDT" duration-ms="9858" status="PASS">
          <params>
            <param index="0">
              <value>
                <![CDATA["Test valid login functionality"]]>
              </value>
            </param>
            <param index="1">
              <value>
                <![CDATA["Login feature of DemoBlaze Application"]]>
              </value>
            </param>
          </params>
          <reporter-output>
            <line>
              <![CDATA[Launching the browser using the URL:=https://www.demoblaze.com/index.html]]>
            </line>
            <line>
              <![CDATA[Setting the text of the element:=By.id: loginusername with data:=bharathedu1]]>
            </line>
            <line>
              <![CDATA[Setting the text of the element:=By.id: loginpassword with data:=123456]]>
            </line>
            <line>
              <![CDATA[Clicking on the element with locator:=By.xpath: //button[text()='Log in']]]>
            </line>
          </reporter-output>
        </test-method> <!-- runScenario -->
        <test-method is-config="true" signature="tearDownClass()[pri:0, instance:runner.LoginTestRunner@43f02ef2]" started-at="2024-08-02T11:18:00 EDT" name="tearDownClass" finished-at="2024-08-02T11:18:00 EDT" duration-ms="37" status="PASS">
          <reporter-output>
          </reporter-output>
        </test-method> <!-- tearDownClass -->
      </class> <!-- runner.LoginTestRunner -->
    </test> <!-- Default test -->
  </suite> <!-- Default suite -->
</testng-results>
